2024-12-10 17:45:26,527 DEBUG    root            Loaded Command Group: ['gcloud', 'components']
2024-12-10 17:45:26,531 DEBUG    root            Loaded Command Group: ['gcloud', 'components', 'update']
2024-12-10 17:45:26,534 DEBUG    root            Running [gcloud.components.update] with arguments: [--compile-python: "True", --quiet: "True", COMPONENT-IDS:6: "['core', 'gcloud-deps', 'bq', 'gcloud', 'gcloud-crc32c', 'gsutil']"]
2024-12-10 17:45:26,535 INFO     ___FILE_ONLY___ Beginning update. This process may take several minutes.

2024-12-10 17:45:26,582 DEBUG    urllib3.connectionpool Starting new HTTPS connection (1): dl.google.com:443
2024-12-10 17:45:26,818 DEBUG    urllib3.connectionpool https://dl.google.com:443 "GET /dl/cloudsdk/channels/rapid/components-2.json HTTP/1.1" 200 227817
2024-12-10 17:45:26,836 INFO     ___FILE_ONLY___ 

2024-12-10 17:45:26,836 INFO     ___FILE_ONLY___ 
Your current Google Cloud CLI version is: 503.0.0

2024-12-10 17:45:26,836 INFO     ___FILE_ONLY___ Installing components from version: 503.0.0

2024-12-10 17:45:26,836 INFO     ___FILE_ONLY___ 

2024-12-10 17:45:26,837 DEBUG    root            Chosen display Format:table[box,title="These components will be removed."](details.display_name:label=Name:align=left,version.version_string:label=Version:align=right,data.size.size(zero="",min=1048576):label=Size:align=right)
2024-12-10 17:45:26,838 DEBUG    root            Chosen display Format:table[box,title="These components will be updated."](details.display_name:label=Name:align=left,version.version_string:label=Version:align=right,data.size.size(zero="",min=1048576):label=Size:align=right)
2024-12-10 17:45:26,838 DEBUG    root            Chosen display Format:table[box,title="These components will be installed."](details.display_name:label=Name:align=left,version.version_string:label=Version:align=right,data.size.size(zero="",min=1048576):label=Size:align=right)
2024-12-10 17:45:26,888 INFO     ___FILE_ONLY___ ┌─────────────────────────────────────────────────────────────────────────────┐
2024-12-10 17:45:26,888 INFO     ___FILE_ONLY___ 

2024-12-10 17:45:26,888 INFO     ___FILE_ONLY___ │                     These components will be installed.                     │
2024-12-10 17:45:26,889 INFO     ___FILE_ONLY___ 

2024-12-10 17:45:26,889 INFO     ___FILE_ONLY___ ├─────────────────────────────────────────────────────┬────────────┬──────────┤
2024-12-10 17:45:26,889 INFO     ___FILE_ONLY___ 

2024-12-10 17:45:26,889 INFO     ___FILE_ONLY___ │                         Name                        │  Version   │   Size   │
2024-12-10 17:45:26,889 INFO     ___FILE_ONLY___ 

2024-12-10 17:45:26,889 INFO     ___FILE_ONLY___ ├─────────────────────────────────────────────────────┼────────────┼──────────┤
2024-12-10 17:45:26,889 INFO     ___FILE_ONLY___ 

2024-12-10 17:45:26,889 INFO     ___FILE_ONLY___ │ 
2024-12-10 17:45:26,889 INFO     ___FILE_ONLY___ BigQuery Command Line Tool                         
2024-12-10 17:45:26,890 INFO     ___FILE_ONLY___  
2024-12-10 17:45:26,890 INFO     ___FILE_ONLY___ │ 
2024-12-10 17:45:26,890 INFO     ___FILE_ONLY___     2.1.10
2024-12-10 17:45:26,890 INFO     ___FILE_ONLY___  
2024-12-10 17:45:26,890 INFO     ___FILE_ONLY___ │ 
2024-12-10 17:45:26,890 INFO     ___FILE_ONLY___  1.7 MiB
2024-12-10 17:45:26,890 INFO     ___FILE_ONLY___  
2024-12-10 17:45:26,891 INFO     ___FILE_ONLY___ │
2024-12-10 17:45:26,891 INFO     ___FILE_ONLY___ 

2024-12-10 17:45:26,891 INFO     ___FILE_ONLY___ │ 
2024-12-10 17:45:26,891 INFO     ___FILE_ONLY___ BigQuery Command Line Tool (Platform Specific)     
2024-12-10 17:45:26,891 INFO     ___FILE_ONLY___  
2024-12-10 17:45:26,891 INFO     ___FILE_ONLY___ │ 
2024-12-10 17:45:26,891 INFO     ___FILE_ONLY___      2.1.8
2024-12-10 17:45:26,891 INFO     ___FILE_ONLY___  
2024-12-10 17:45:26,891 INFO     ___FILE_ONLY___ │ 
2024-12-10 17:45:26,892 INFO     ___FILE_ONLY___  < 1 MiB
2024-12-10 17:45:26,892 INFO     ___FILE_ONLY___  
2024-12-10 17:45:26,892 INFO     ___FILE_ONLY___ │
2024-12-10 17:45:26,892 INFO     ___FILE_ONLY___ 

2024-12-10 17:45:26,892 INFO     ___FILE_ONLY___ │ 
2024-12-10 17:45:26,892 INFO     ___FILE_ONLY___ Bundled Python 3.11 (Platform Specific)            
2024-12-10 17:45:26,892 INFO     ___FILE_ONLY___  
2024-12-10 17:45:26,892 INFO     ___FILE_ONLY___ │ 
2024-12-10 17:45:26,892 INFO     ___FILE_ONLY___     3.11.9
2024-12-10 17:45:26,893 INFO     ___FILE_ONLY___  
2024-12-10 17:45:26,893 INFO     ___FILE_ONLY___ │ 
2024-12-10 17:45:26,893 INFO     ___FILE_ONLY___ 74.4 MiB
2024-12-10 17:45:26,893 INFO     ___FILE_ONLY___  
2024-12-10 17:45:26,894 INFO     ___FILE_ONLY___ │
2024-12-10 17:45:26,894 INFO     ___FILE_ONLY___ 

2024-12-10 17:45:26,894 INFO     ___FILE_ONLY___ │ 
2024-12-10 17:45:26,894 INFO     ___FILE_ONLY___ Cloud Storage Command Line Tool                    
2024-12-10 17:45:26,895 INFO     ___FILE_ONLY___  
2024-12-10 17:45:26,895 INFO     ___FILE_ONLY___ │ 
2024-12-10 17:45:26,895 INFO     ___FILE_ONLY___       5.32
2024-12-10 17:45:26,895 INFO     ___FILE_ONLY___  
2024-12-10 17:45:26,896 INFO     ___FILE_ONLY___ │ 
2024-12-10 17:45:26,896 INFO     ___FILE_ONLY___ 11.8 MiB
2024-12-10 17:45:26,896 INFO     ___FILE_ONLY___  
2024-12-10 17:45:26,897 INFO     ___FILE_ONLY___ │
2024-12-10 17:45:26,897 INFO     ___FILE_ONLY___ 

2024-12-10 17:45:26,897 INFO     ___FILE_ONLY___ │ 
2024-12-10 17:45:26,897 INFO     ___FILE_ONLY___ Cloud Storage Command Line Tool (Platform Specific)
2024-12-10 17:45:26,898 INFO     ___FILE_ONLY___  
2024-12-10 17:45:26,898 INFO     ___FILE_ONLY___ │ 
2024-12-10 17:45:26,898 INFO     ___FILE_ONLY___       5.30
2024-12-10 17:45:26,898 INFO     ___FILE_ONLY___  
2024-12-10 17:45:26,899 INFO     ___FILE_ONLY___ │ 
2024-12-10 17:45:26,899 INFO     ___FILE_ONLY___  < 1 MiB
2024-12-10 17:45:26,899 INFO     ___FILE_ONLY___  
2024-12-10 17:45:26,899 INFO     ___FILE_ONLY___ │
2024-12-10 17:45:26,900 INFO     ___FILE_ONLY___ 

2024-12-10 17:45:26,900 INFO     ___FILE_ONLY___ │ 
2024-12-10 17:45:26,900 INFO     ___FILE_ONLY___ Google Cloud CLI Core Libraries (Platform Specific)
2024-12-10 17:45:26,900 INFO     ___FILE_ONLY___  
2024-12-10 17:45:26,900 INFO     ___FILE_ONLY___ │ 
2024-12-10 17:45:26,900 INFO     ___FILE_ONLY___ 2024.08.30
2024-12-10 17:45:26,901 INFO     ___FILE_ONLY___  
2024-12-10 17:45:26,901 INFO     ___FILE_ONLY___ │ 
2024-12-10 17:45:26,901 INFO     ___FILE_ONLY___  < 1 MiB
2024-12-10 17:45:26,901 INFO     ___FILE_ONLY___  
2024-12-10 17:45:26,901 INFO     ___FILE_ONLY___ │
2024-12-10 17:45:26,901 INFO     ___FILE_ONLY___ 

2024-12-10 17:45:26,901 INFO     ___FILE_ONLY___ │ 
2024-12-10 17:45:26,901 INFO     ___FILE_ONLY___ Google Cloud CRC32C Hash Tool (Platform Specific)  
2024-12-10 17:45:26,901 INFO     ___FILE_ONLY___  
2024-12-10 17:45:26,902 INFO     ___FILE_ONLY___ │ 
2024-12-10 17:45:26,902 INFO     ___FILE_ONLY___      1.0.0
2024-12-10 17:45:26,902 INFO     ___FILE_ONLY___  
2024-12-10 17:45:26,902 INFO     ___FILE_ONLY___ │ 
2024-12-10 17:45:26,902 INFO     ___FILE_ONLY___  1.3 MiB
2024-12-10 17:45:26,902 INFO     ___FILE_ONLY___  
2024-12-10 17:45:26,902 INFO     ___FILE_ONLY___ │
2024-12-10 17:45:26,902 INFO     ___FILE_ONLY___ 

2024-12-10 17:45:26,902 INFO     ___FILE_ONLY___ │ 
2024-12-10 17:45:26,903 INFO     ___FILE_ONLY___ gcloud cli dependencies (Platform Specific)        
2024-12-10 17:45:26,903 INFO     ___FILE_ONLY___  
2024-12-10 17:45:26,903 INFO     ___FILE_ONLY___ │ 
2024-12-10 17:45:26,903 INFO     ___FILE_ONLY___ 2021.04.16
2024-12-10 17:45:26,903 INFO     ___FILE_ONLY___  
2024-12-10 17:45:26,903 INFO     ___FILE_ONLY___ │ 
2024-12-10 17:45:26,903 INFO     ___FILE_ONLY___  < 1 MiB
2024-12-10 17:45:26,904 INFO     ___FILE_ONLY___  
2024-12-10 17:45:26,904 INFO     ___FILE_ONLY___ │
2024-12-10 17:45:26,904 INFO     ___FILE_ONLY___ 

2024-12-10 17:45:26,904 INFO     ___FILE_ONLY___ └─────────────────────────────────────────────────────┴────────────┴──────────┘
2024-12-10 17:45:26,904 INFO     ___FILE_ONLY___ 

2024-12-10 17:45:26,904 INFO     ___FILE_ONLY___ 

2024-12-10 17:45:26,909 DEBUG    urllib3.connectionpool Starting new HTTPS connection (1): dl.google.com:443
2024-12-10 17:45:27,140 DEBUG    urllib3.connectionpool https://dl.google.com:443 "GET /dl/cloudsdk/channels/rapid/RELEASE_NOTES HTTP/1.1" 200 1327953
2024-12-10 17:45:27,177 INFO     ___FILE_ONLY___ For the latest full release notes, please visit:
  https://cloud.google.com/sdk/release_notes


2024-12-10 17:45:27,177 INFO     ___FILE_ONLY___ Performing in place update...


2024-12-10 17:45:27,181 INFO     ___FILE_ONLY___ ╔════════════════════════════════════════════════════════════╗

2024-12-10 17:45:27,181 INFO     ___FILE_ONLY___ ╠═ Downloading: BigQuery Command Line Tool                  ═╣

2024-12-10 17:45:27,181 INFO     ___FILE_ONLY___ ╚
2024-12-10 17:45:27,185 DEBUG    urllib3.connectionpool Starting new HTTPS connection (1): dl.google.com:443
2024-12-10 17:45:27,421 DEBUG    urllib3.connectionpool https://dl.google.com:443 "GET /dl/cloudsdk/channels/rapid/components/google-cloud-sdk-bq-20241206142025.tar.gz HTTP/1.1" 200 1827749
2024-12-10 17:45:27,437 INFO     ___FILE_ONLY___ ═
2024-12-10 17:45:27,437 INFO     ___FILE_ONLY___ ═
2024-12-10 17:45:27,437 INFO     ___FILE_ONLY___ ═
2024-12-10 17:45:27,437 INFO     ___FILE_ONLY___ ═
2024-12-10 17:45:27,438 INFO     ___FILE_ONLY___ ═
2024-12-10 17:45:27,438 INFO     ___FILE_ONLY___ ═
2024-12-10 17:45:27,438 INFO     ___FILE_ONLY___ ═
2024-12-10 17:45:27,438 INFO     ___FILE_ONLY___ ═
2024-12-10 17:45:27,439 INFO     ___FILE_ONLY___ ═
2024-12-10 17:45:27,439 INFO     ___FILE_ONLY___ ═
2024-12-10 17:45:27,439 INFO     ___FILE_ONLY___ ═
2024-12-10 17:45:27,439 INFO     ___FILE_ONLY___ ═
2024-12-10 17:45:27,439 INFO     ___FILE_ONLY___ ═
2024-12-10 17:45:27,440 INFO     ___FILE_ONLY___ ═
2024-12-10 17:45:27,440 INFO     ___FILE_ONLY___ ═
2024-12-10 17:45:27,440 INFO     ___FILE_ONLY___ ═
2024-12-10 17:45:27,440 INFO     ___FILE_ONLY___ ═
2024-12-10 17:45:27,440 INFO     ___FILE_ONLY___ ═
2024-12-10 17:45:27,441 INFO     ___FILE_ONLY___ ═
2024-12-10 17:45:27,441 INFO     ___FILE_ONLY___ ═
2024-12-10 17:45:27,441 INFO     ___FILE_ONLY___ ═
2024-12-10 17:45:27,441 INFO     ___FILE_ONLY___ ═
2024-12-10 17:45:27,441 INFO     ___FILE_ONLY___ ═
2024-12-10 17:45:27,442 INFO     ___FILE_ONLY___ ═
2024-12-10 17:45:27,442 INFO     ___FILE_ONLY___ ═
2024-12-10 17:45:27,442 INFO     ___FILE_ONLY___ ═
2024-12-10 17:45:27,442 INFO     ___FILE_ONLY___ ═
2024-12-10 17:45:27,442 INFO     ___FILE_ONLY___ ═
2024-12-10 17:45:27,442 INFO     ___FILE_ONLY___ ═
2024-12-10 17:45:27,443 INFO     ___FILE_ONLY___ ═
2024-12-10 17:45:27,443 INFO     ___FILE_ONLY___ ═
2024-12-10 17:45:27,443 INFO     ___FILE_ONLY___ ═
2024-12-10 17:45:27,443 INFO     ___FILE_ONLY___ ═
2024-12-10 17:45:27,444 INFO     ___FILE_ONLY___ ═
2024-12-10 17:45:27,444 INFO     ___FILE_ONLY___ ═
2024-12-10 17:45:27,444 INFO     ___FILE_ONLY___ ═
2024-12-10 17:45:27,444 INFO     ___FILE_ONLY___ ═
2024-12-10 17:45:27,444 INFO     ___FILE_ONLY___ ═
2024-12-10 17:45:27,444 INFO     ___FILE_ONLY___ ═
2024-12-10 17:45:27,445 INFO     ___FILE_ONLY___ ═
2024-12-10 17:45:27,445 INFO     ___FILE_ONLY___ ═
2024-12-10 17:45:27,445 INFO     ___FILE_ONLY___ ═
2024-12-10 17:45:27,445 INFO     ___FILE_ONLY___ ═
2024-12-10 17:45:27,445 INFO     ___FILE_ONLY___ ═
2024-12-10 17:45:27,446 INFO     ___FILE_ONLY___ ═
2024-12-10 17:45:27,446 INFO     ___FILE_ONLY___ ═
2024-12-10 17:45:27,446 INFO     ___FILE_ONLY___ ═
2024-12-10 17:45:27,446 INFO     ___FILE_ONLY___ ═
2024-12-10 17:45:27,447 INFO     ___FILE_ONLY___ ═
2024-12-10 17:45:27,447 INFO     ___FILE_ONLY___ ═
2024-12-10 17:45:27,447 INFO     ___FILE_ONLY___ ═
2024-12-10 17:45:27,448 INFO     ___FILE_ONLY___ ═
2024-12-10 17:45:27,448 INFO     ___FILE_ONLY___ ═
2024-12-10 17:45:27,448 INFO     ___FILE_ONLY___ ═
2024-12-10 17:45:27,448 INFO     ___FILE_ONLY___ ═
2024-12-10 17:45:27,448 INFO     ___FILE_ONLY___ ═
2024-12-10 17:45:27,448 INFO     ___FILE_ONLY___ ═
2024-12-10 17:45:27,449 INFO     ___FILE_ONLY___ ═
2024-12-10 17:45:27,449 INFO     ___FILE_ONLY___ ═
2024-12-10 17:45:27,449 INFO     ___FILE_ONLY___ ═
2024-12-10 17:45:27,449 INFO     ___FILE_ONLY___ ╝

2024-12-10 17:45:27,452 INFO     ___FILE_ONLY___ ╔════════════════════════════════════════════════════════════╗

2024-12-10 17:45:27,452 INFO     ___FILE_ONLY___ ╠═ Downloading: BigQuery Command Line Tool (Platform Spe... ═╣

2024-12-10 17:45:27,453 INFO     ___FILE_ONLY___ ╚
2024-12-10 17:45:27,456 DEBUG    urllib3.connectionpool Starting new HTTPS connection (1): dl.google.com:443
2024-12-10 17:45:28,512 DEBUG    urllib3.connectionpool https://dl.google.com:443 "GET /dl/cloudsdk/channels/rapid/components/google-cloud-sdk-bq-nix-20240830134514.tar.gz HTTP/1.1" 200 1914
2024-12-10 17:45:28,513 INFO     ___FILE_ONLY___ ════════════════════════════════════════════════════════════
2024-12-10 17:45:28,513 INFO     ___FILE_ONLY___ ╝

2024-12-10 17:45:28,516 INFO     ___FILE_ONLY___ ╔════════════════════════════════════════════════════════════╗

2024-12-10 17:45:28,517 INFO     ___FILE_ONLY___ ╠═ Downloading: Bundled Python 3.11                         ═╣

2024-12-10 17:45:28,517 INFO     ___FILE_ONLY___ ╚
2024-12-10 17:45:28,517 INFO     ___FILE_ONLY___ ════════════════════════════════════════════════════════════
2024-12-10 17:45:28,517 INFO     ___FILE_ONLY___ ╝

2024-12-10 17:45:28,520 INFO     ___FILE_ONLY___ ╔════════════════════════════════════════════════════════════╗

2024-12-10 17:45:28,520 INFO     ___FILE_ONLY___ ╠═ Downloading: Bundled Python 3.11 (Platform Specific)     ═╣

2024-12-10 17:45:28,520 INFO     ___FILE_ONLY___ ╚
2024-12-10 17:45:28,524 DEBUG    urllib3.connectionpool Starting new HTTPS connection (1): dl.google.com:443
2024-12-10 17:45:29,570 DEBUG    urllib3.connectionpool https://dl.google.com:443 "GET /dl/cloudsdk/channels/rapid/components/google-cloud-sdk-bundled-python3-unix-linux-x86_64-20240920144119.tar.gz HTTP/1.1" 200 78001783
2024-12-10 17:45:29,988 INFO     ___FILE_ONLY___ ═
2024-12-10 17:45:29,991 INFO     ___FILE_ONLY___ ═
2024-12-10 17:45:29,995 INFO     ___FILE_ONLY___ ═
2024-12-10 17:45:29,998 INFO     ___FILE_ONLY___ ═
2024-12-10 17:45:30,001 INFO     ___FILE_ONLY___ ═
2024-12-10 17:45:30,005 INFO     ___FILE_ONLY___ ═
2024-12-10 17:45:30,008 INFO     ___FILE_ONLY___ ═
2024-12-10 17:45:30,012 INFO     ___FILE_ONLY___ ═
2024-12-10 17:45:30,015 INFO     ___FILE_ONLY___ ═
2024-12-10 17:45:30,018 INFO     ___FILE_ONLY___ ═
2024-12-10 17:45:30,022 INFO     ___FILE_ONLY___ ═
2024-12-10 17:45:30,025 INFO     ___FILE_ONLY___ ═
2024-12-10 17:45:30,028 INFO     ___FILE_ONLY___ ═
2024-12-10 17:45:30,031 INFO     ___FILE_ONLY___ ═
2024-12-10 17:45:30,034 INFO     ___FILE_ONLY___ ═
2024-12-10 17:45:30,038 INFO     ___FILE_ONLY___ ═
2024-12-10 17:45:30,041 INFO     ___FILE_ONLY___ ═
2024-12-10 17:45:30,045 INFO     ___FILE_ONLY___ ═
2024-12-10 17:45:30,048 INFO     ___FILE_ONLY___ ═
2024-12-10 17:45:30,051 INFO     ___FILE_ONLY___ ═
2024-12-10 17:45:30,055 INFO     ___FILE_ONLY___ ═
2024-12-10 17:45:30,058 INFO     ___FILE_ONLY___ ═
2024-12-10 17:45:30,061 INFO     ___FILE_ONLY___ ═
2024-12-10 17:45:30,065 INFO     ___FILE_ONLY___ ═
2024-12-10 17:45:30,068 INFO     ___FILE_ONLY___ ═
2024-12-10 17:45:30,072 INFO     ___FILE_ONLY___ ═
2024-12-10 17:45:30,075 INFO     ___FILE_ONLY___ ═
2024-12-10 17:45:30,079 INFO     ___FILE_ONLY___ ═
2024-12-10 17:45:30,082 INFO     ___FILE_ONLY___ ═
2024-12-10 17:45:30,086 INFO     ___FILE_ONLY___ ═
2024-12-10 17:45:30,090 INFO     ___FILE_ONLY___ ═
2024-12-10 17:45:30,093 INFO     ___FILE_ONLY___ ═
2024-12-10 17:45:30,096 INFO     ___FILE_ONLY___ ═
2024-12-10 17:45:30,100 INFO     ___FILE_ONLY___ ═
2024-12-10 17:45:30,103 INFO     ___FILE_ONLY___ ═
2024-12-10 17:45:30,107 INFO     ___FILE_ONLY___ ═
2024-12-10 17:45:30,110 INFO     ___FILE_ONLY___ ═
2024-12-10 17:45:30,114 INFO     ___FILE_ONLY___ ═
2024-12-10 17:45:30,117 INFO     ___FILE_ONLY___ ═
2024-12-10 17:45:30,120 INFO     ___FILE_ONLY___ ═
2024-12-10 17:45:30,123 INFO     ___FILE_ONLY___ ═
2024-12-10 17:45:30,127 INFO     ___FILE_ONLY___ ═
2024-12-10 17:45:30,130 INFO     ___FILE_ONLY___ ═
2024-12-10 17:45:30,134 INFO     ___FILE_ONLY___ ═
2024-12-10 17:45:30,137 INFO     ___FILE_ONLY___ ═
2024-12-10 17:45:30,140 INFO     ___FILE_ONLY___ ═
2024-12-10 17:45:30,144 INFO     ___FILE_ONLY___ ═
2024-12-10 17:45:30,147 INFO     ___FILE_ONLY___ ═
2024-12-10 17:45:30,150 INFO     ___FILE_ONLY___ ═
2024-12-10 17:45:30,153 INFO     ___FILE_ONLY___ ═
2024-12-10 17:45:30,157 INFO     ___FILE_ONLY___ ═
2024-12-10 17:45:30,160 INFO     ___FILE_ONLY___ ═
2024-12-10 17:45:30,163 INFO     ___FILE_ONLY___ ═
2024-12-10 17:45:30,167 INFO     ___FILE_ONLY___ ═
2024-12-10 17:45:30,170 INFO     ___FILE_ONLY___ ═
2024-12-10 17:45:30,174 INFO     ___FILE_ONLY___ ═
2024-12-10 17:45:30,177 INFO     ___FILE_ONLY___ ═
2024-12-10 17:45:30,181 INFO     ___FILE_ONLY___ ═
2024-12-10 17:45:30,185 INFO     ___FILE_ONLY___ ═
2024-12-10 17:45:30,188 INFO     ___FILE_ONLY___ ═
2024-12-10 17:45:30,188 INFO     ___FILE_ONLY___ ╝

2024-12-10 17:45:30,192 INFO     ___FILE_ONLY___ ╔════════════════════════════════════════════════════════════╗

2024-12-10 17:45:30,192 INFO     ___FILE_ONLY___ ╠═ Downloading: Cloud Storage Command Line Tool             ═╣

2024-12-10 17:45:30,192 INFO     ___FILE_ONLY___ ╚
2024-12-10 17:45:30,202 DEBUG    urllib3.connectionpool Starting new HTTPS connection (1): dl.google.com:443
2024-12-10 17:45:31,233 DEBUG    urllib3.connectionpool https://dl.google.com:443 "GET /dl/cloudsdk/channels/rapid/components/google-cloud-sdk-gsutil-20241206142025.tar.gz HTTP/1.1" 200 12368721
2024-12-10 17:45:31,296 INFO     ___FILE_ONLY___ ═
2024-12-10 17:45:31,297 INFO     ___FILE_ONLY___ ═
2024-12-10 17:45:31,298 INFO     ___FILE_ONLY___ ═
2024-12-10 17:45:31,299 INFO     ___FILE_ONLY___ ═
2024-12-10 17:45:31,299 INFO     ___FILE_ONLY___ ═
2024-12-10 17:45:31,300 INFO     ___FILE_ONLY___ ═
2024-12-10 17:45:31,301 INFO     ___FILE_ONLY___ ═
2024-12-10 17:45:31,301 INFO     ___FILE_ONLY___ ═
2024-12-10 17:45:31,302 INFO     ___FILE_ONLY___ ═
2024-12-10 17:45:31,302 INFO     ___FILE_ONLY___ ═
2024-12-10 17:45:31,303 INFO     ___FILE_ONLY___ ═
2024-12-10 17:45:31,304 INFO     ___FILE_ONLY___ ═
2024-12-10 17:45:31,304 INFO     ___FILE_ONLY___ ═
2024-12-10 17:45:31,305 INFO     ___FILE_ONLY___ ═
2024-12-10 17:45:31,306 INFO     ___FILE_ONLY___ ═
2024-12-10 17:45:31,306 INFO     ___FILE_ONLY___ ═
2024-12-10 17:45:31,307 INFO     ___FILE_ONLY___ ═
2024-12-10 17:45:31,308 INFO     ___FILE_ONLY___ ═
2024-12-10 17:45:31,308 INFO     ___FILE_ONLY___ ═
2024-12-10 17:45:31,309 INFO     ___FILE_ONLY___ ═
2024-12-10 17:45:31,309 INFO     ___FILE_ONLY___ ═
2024-12-10 17:45:31,310 INFO     ___FILE_ONLY___ ═
2024-12-10 17:45:31,311 INFO     ___FILE_ONLY___ ═
2024-12-10 17:45:31,311 INFO     ___FILE_ONLY___ ═
2024-12-10 17:45:31,312 INFO     ___FILE_ONLY___ ═
2024-12-10 17:45:31,313 INFO     ___FILE_ONLY___ ═
2024-12-10 17:45:31,313 INFO     ___FILE_ONLY___ ═
2024-12-10 17:45:31,314 INFO     ___FILE_ONLY___ ═
2024-12-10 17:45:31,315 INFO     ___FILE_ONLY___ ═
2024-12-10 17:45:31,315 INFO     ___FILE_ONLY___ ═
2024-12-10 17:45:31,316 INFO     ___FILE_ONLY___ ═
2024-12-10 17:45:31,316 INFO     ___FILE_ONLY___ ═
2024-12-10 17:45:31,317 INFO     ___FILE_ONLY___ ═
2024-12-10 17:45:31,318 INFO     ___FILE_ONLY___ ═
2024-12-10 17:45:31,318 INFO     ___FILE_ONLY___ ═
2024-12-10 17:45:31,319 INFO     ___FILE_ONLY___ ═
2024-12-10 17:45:31,320 INFO     ___FILE_ONLY___ ═
2024-12-10 17:45:31,320 INFO     ___FILE_ONLY___ ═
2024-12-10 17:45:31,321 INFO     ___FILE_ONLY___ ═
2024-12-10 17:45:31,322 INFO     ___FILE_ONLY___ ═
2024-12-10 17:45:31,322 INFO     ___FILE_ONLY___ ═
2024-12-10 17:45:31,323 INFO     ___FILE_ONLY___ ═
2024-12-10 17:45:31,324 INFO     ___FILE_ONLY___ ═
2024-12-10 17:45:31,324 INFO     ___FILE_ONLY___ ═
2024-12-10 17:45:31,325 INFO     ___FILE_ONLY___ ═
2024-12-10 17:45:31,326 INFO     ___FILE_ONLY___ ═
2024-12-10 17:45:31,327 INFO     ___FILE_ONLY___ ═
2024-12-10 17:45:31,327 INFO     ___FILE_ONLY___ ═
2024-12-10 17:45:31,328 INFO     ___FILE_ONLY___ ═
2024-12-10 17:45:31,329 INFO     ___FILE_ONLY___ ═
2024-12-10 17:45:31,329 INFO     ___FILE_ONLY___ ═
2024-12-10 17:45:31,330 INFO     ___FILE_ONLY___ ═
2024-12-10 17:45:31,331 INFO     ___FILE_ONLY___ ═
2024-12-10 17:45:31,331 INFO     ___FILE_ONLY___ ═
2024-12-10 17:45:31,332 INFO     ___FILE_ONLY___ ═
2024-12-10 17:45:31,333 INFO     ___FILE_ONLY___ ═
2024-12-10 17:45:31,333 INFO     ___FILE_ONLY___ ═
2024-12-10 17:45:31,334 INFO     ___FILE_ONLY___ ═
2024-12-10 17:45:31,334 INFO     ___FILE_ONLY___ ═
2024-12-10 17:45:31,335 INFO     ___FILE_ONLY___ ═
2024-12-10 17:45:31,335 INFO     ___FILE_ONLY___ ╝

2024-12-10 17:45:31,339 INFO     ___FILE_ONLY___ ╔════════════════════════════════════════════════════════════╗

2024-12-10 17:45:31,339 INFO     ___FILE_ONLY___ ╠═ Downloading: Cloud Storage Command Line Tool (Platfor... ═╣

2024-12-10 17:45:31,339 INFO     ___FILE_ONLY___ ╚
2024-12-10 17:45:31,343 DEBUG    urllib3.connectionpool Starting new HTTPS connection (1): dl.google.com:443
2024-12-10 17:45:32,319 DEBUG    urllib3.connectionpool https://dl.google.com:443 "GET /dl/cloudsdk/channels/rapid/components/google-cloud-sdk-gsutil-nix-20240830134514.tar.gz HTTP/1.1" 200 1928
2024-12-10 17:45:32,320 INFO     ___FILE_ONLY___ ════════════════════════════════════════════════════════════
2024-12-10 17:45:32,320 INFO     ___FILE_ONLY___ ╝

2024-12-10 17:45:32,324 INFO     ___FILE_ONLY___ ╔════════════════════════════════════════════════════════════╗

2024-12-10 17:45:32,324 INFO     ___FILE_ONLY___ ╠═ Downloading: Default set of gcloud commands              ═╣

2024-12-10 17:45:32,324 INFO     ___FILE_ONLY___ ╚
2024-12-10 17:45:32,324 INFO     ___FILE_ONLY___ ════════════════════════════════════════════════════════════
2024-12-10 17:45:32,324 INFO     ___FILE_ONLY___ ╝

2024-12-10 17:45:32,327 INFO     ___FILE_ONLY___ ╔════════════════════════════════════════════════════════════╗

2024-12-10 17:45:32,327 INFO     ___FILE_ONLY___ ╠═ Downloading: Google Cloud CLI Core Libraries (Platfor... ═╣

2024-12-10 17:45:32,327 INFO     ___FILE_ONLY___ ╚
2024-12-10 17:45:32,331 DEBUG    urllib3.connectionpool Starting new HTTPS connection (1): dl.google.com:443
2024-12-10 17:45:33,382 DEBUG    urllib3.connectionpool https://dl.google.com:443 "GET /dl/cloudsdk/channels/rapid/components/google-cloud-sdk-core-nix-20240830134514.tar.gz HTTP/1.1" 200 2306
2024-12-10 17:45:33,383 INFO     ___FILE_ONLY___ ════════════════════════════════════════════════════════════
2024-12-10 17:45:33,383 INFO     ___FILE_ONLY___ ╝

2024-12-10 17:45:33,386 INFO     ___FILE_ONLY___ ╔════════════════════════════════════════════════════════════╗

2024-12-10 17:45:33,386 INFO     ___FILE_ONLY___ ╠═ Downloading: Google Cloud CRC32C Hash Tool               ═╣

2024-12-10 17:45:33,386 INFO     ___FILE_ONLY___ ╚
2024-12-10 17:45:33,386 INFO     ___FILE_ONLY___ ════════════════════════════════════════════════════════════
2024-12-10 17:45:33,386 INFO     ___FILE_ONLY___ ╝

2024-12-10 17:45:33,389 INFO     ___FILE_ONLY___ ╔════════════════════════════════════════════════════════════╗

2024-12-10 17:45:33,389 INFO     ___FILE_ONLY___ ╠═ Downloading: Google Cloud CRC32C Hash Tool (Platform ... ═╣

2024-12-10 17:45:33,389 INFO     ___FILE_ONLY___ ╚
2024-12-10 17:45:33,393 DEBUG    urllib3.connectionpool Starting new HTTPS connection (1): dl.google.com:443
2024-12-10 17:45:33,613 DEBUG    urllib3.connectionpool https://dl.google.com:443 "GET /dl/cloudsdk/channels/rapid/components/google-cloud-sdk-gcloud-crc32c-linux-x86_64-20240712142834.tar.gz HTTP/1.1" 200 1350263
2024-12-10 17:45:33,626 INFO     ___FILE_ONLY___ ═
2024-12-10 17:45:33,627 INFO     ___FILE_ONLY___ ═
2024-12-10 17:45:33,627 INFO     ___FILE_ONLY___ ═
2024-12-10 17:45:33,627 INFO     ___FILE_ONLY___ ═
2024-12-10 17:45:33,627 INFO     ___FILE_ONLY___ ═
2024-12-10 17:45:33,628 INFO     ___FILE_ONLY___ ═
2024-12-10 17:45:33,628 INFO     ___FILE_ONLY___ ═
2024-12-10 17:45:33,628 INFO     ___FILE_ONLY___ ═
2024-12-10 17:45:33,629 INFO     ___FILE_ONLY___ ═
2024-12-10 17:45:33,629 INFO     ___FILE_ONLY___ ═
2024-12-10 17:45:33,629 INFO     ___FILE_ONLY___ ═
2024-12-10 17:45:33,629 INFO     ___FILE_ONLY___ ═
2024-12-10 17:45:33,630 INFO     ___FILE_ONLY___ ═
2024-12-10 17:45:33,630 INFO     ___FILE_ONLY___ ═
2024-12-10 17:45:33,630 INFO     ___FILE_ONLY___ ═
2024-12-10 17:45:33,630 INFO     ___FILE_ONLY___ ═
2024-12-10 17:45:33,631 INFO     ___FILE_ONLY___ ═
2024-12-10 17:45:33,631 INFO     ___FILE_ONLY___ ═
2024-12-10 17:45:33,631 INFO     ___FILE_ONLY___ ═
2024-12-10 17:45:33,631 INFO     ___FILE_ONLY___ ═
2024-12-10 17:45:33,632 INFO     ___FILE_ONLY___ ═
2024-12-10 17:45:33,632 INFO     ___FILE_ONLY___ ═
2024-12-10 17:45:33,632 INFO     ___FILE_ONLY___ ═
2024-12-10 17:45:33,632 INFO     ___FILE_ONLY___ ═
2024-12-10 17:45:33,633 INFO     ___FILE_ONLY___ ═
2024-12-10 17:45:33,633 INFO     ___FILE_ONLY___ ═
2024-12-10 17:45:33,633 INFO     ___FILE_ONLY___ ═
2024-12-10 17:45:33,633 INFO     ___FILE_ONLY___ ═
2024-12-10 17:45:33,634 INFO     ___FILE_ONLY___ ═
2024-12-10 17:45:33,634 INFO     ___FILE_ONLY___ ═
2024-12-10 17:45:33,634 INFO     ___FILE_ONLY___ ═
2024-12-10 17:45:33,635 INFO     ___FILE_ONLY___ ═
2024-12-10 17:45:33,635 INFO     ___FILE_ONLY___ ═
2024-12-10 17:45:33,635 INFO     ___FILE_ONLY___ ═
2024-12-10 17:45:33,635 INFO     ___FILE_ONLY___ ═
2024-12-10 17:45:33,636 INFO     ___FILE_ONLY___ ═
2024-12-10 17:45:33,636 INFO     ___FILE_ONLY___ ═
2024-12-10 17:45:33,636 INFO     ___FILE_ONLY___ ═
2024-12-10 17:45:33,636 INFO     ___FILE_ONLY___ ═
2024-12-10 17:45:33,637 INFO     ___FILE_ONLY___ ═
2024-12-10 17:45:33,637 INFO     ___FILE_ONLY___ ═
2024-12-10 17:45:33,637 INFO     ___FILE_ONLY___ ═
2024-12-10 17:45:33,637 INFO     ___FILE_ONLY___ ═
2024-12-10 17:45:33,638 INFO     ___FILE_ONLY___ ═
2024-12-10 17:45:33,638 INFO     ___FILE_ONLY___ ═
2024-12-10 17:45:33,638 INFO     ___FILE_ONLY___ ═
2024-12-10 17:45:33,638 INFO     ___FILE_ONLY___ ═
2024-12-10 17:45:33,639 INFO     ___FILE_ONLY___ ═
2024-12-10 17:45:33,639 INFO     ___FILE_ONLY___ ═
2024-12-10 17:45:33,639 INFO     ___FILE_ONLY___ ═
2024-12-10 17:45:33,639 INFO     ___FILE_ONLY___ ═
2024-12-10 17:45:33,640 INFO     ___FILE_ONLY___ ═
2024-12-10 17:45:33,640 INFO     ___FILE_ONLY___ ═
2024-12-10 17:45:33,640 INFO     ___FILE_ONLY___ ═
2024-12-10 17:45:33,640 INFO     ___FILE_ONLY___ ═
2024-12-10 17:45:33,641 INFO     ___FILE_ONLY___ ═
2024-12-10 17:45:33,641 INFO     ___FILE_ONLY___ ═
2024-12-10 17:45:33,641 INFO     ___FILE_ONLY___ ═
2024-12-10 17:45:33,641 INFO     ___FILE_ONLY___ ═
2024-12-10 17:45:33,642 INFO     ___FILE_ONLY___ ═
2024-12-10 17:45:33,642 INFO     ___FILE_ONLY___ ╝

2024-12-10 17:45:33,645 INFO     ___FILE_ONLY___ ╔════════════════════════════════════════════════════════════╗

2024-12-10 17:45:33,645 INFO     ___FILE_ONLY___ ╠═ Downloading: gcloud cli dependencies (Platform Specific) ═╣

2024-12-10 17:45:33,645 INFO     ___FILE_ONLY___ ╚
2024-12-10 17:45:33,649 DEBUG    urllib3.connectionpool Starting new HTTPS connection (1): dl.google.com:443
2024-12-10 17:45:33,871 DEBUG    urllib3.connectionpool https://dl.google.com:443 "GET /dl/cloudsdk/channels/rapid/components/google-cloud-sdk-gcloud-deps-linux-x86_64-20210416153011.tar.gz HTTP/1.1" 200 104
2024-12-10 17:45:33,871 INFO     ___FILE_ONLY___ ════════════════════════════════════════════════════════════
2024-12-10 17:45:33,872 INFO     ___FILE_ONLY___ ╝

2024-12-10 17:45:33,875 INFO     ___FILE_ONLY___ ╔════════════════════════════════════════════════════════════╗

2024-12-10 17:45:33,875 INFO     ___FILE_ONLY___ ╠═ Installing: BigQuery Command Line Tool                   ═╣

2024-12-10 17:45:33,875 INFO     ___FILE_ONLY___ ╚
2024-12-10 17:45:33,988 INFO     ___FILE_ONLY___ ═
2024-12-10 17:45:33,993 INFO     ___FILE_ONLY___ ═
2024-12-10 17:45:33,997 INFO     ___FILE_ONLY___ ═
2024-12-10 17:45:34,001 INFO     ___FILE_ONLY___ ═
2024-12-10 17:45:34,005 INFO     ___FILE_ONLY___ ═
2024-12-10 17:45:34,009 INFO     ___FILE_ONLY___ ═
2024-12-10 17:45:34,013 INFO     ___FILE_ONLY___ ═
2024-12-10 17:45:34,018 INFO     ___FILE_ONLY___ ═
2024-12-10 17:45:34,022 INFO     ___FILE_ONLY___ ═
2024-12-10 17:45:34,026 INFO     ___FILE_ONLY___ ═
2024-12-10 17:45:34,029 INFO     ___FILE_ONLY___ ═
2024-12-10 17:45:34,033 INFO     ___FILE_ONLY___ ═
2024-12-10 17:45:34,037 INFO     ___FILE_ONLY___ ═
2024-12-10 17:45:34,042 INFO     ___FILE_ONLY___ ═
2024-12-10 17:45:34,046 INFO     ___FILE_ONLY___ ═
2024-12-10 17:45:34,050 INFO     ___FILE_ONLY___ ═
2024-12-10 17:45:34,053 INFO     ___FILE_ONLY___ ═
2024-12-10 17:45:34,059 INFO     ___FILE_ONLY___ ═
2024-12-10 17:45:34,063 INFO     ___FILE_ONLY___ ═
2024-12-10 17:45:34,068 INFO     ___FILE_ONLY___ ═
2024-12-10 17:45:34,072 INFO     ___FILE_ONLY___ ═
2024-12-10 17:45:34,076 INFO     ___FILE_ONLY___ ═
2024-12-10 17:45:34,080 INFO     ___FILE_ONLY___ ═
2024-12-10 17:45:34,083 INFO     ___FILE_ONLY___ ═
2024-12-10 17:45:34,088 INFO     ___FILE_ONLY___ ═
2024-12-10 17:45:34,091 INFO     ___FILE_ONLY___ ═
2024-12-10 17:45:34,095 INFO     ___FILE_ONLY___ ═
2024-12-10 17:45:34,099 INFO     ___FILE_ONLY___ ═
2024-12-10 17:45:34,105 INFO     ___FILE_ONLY___ ═
2024-12-10 17:45:34,109 INFO     ___FILE_ONLY___ ═
2024-12-10 17:45:34,112 INFO     ___FILE_ONLY___ ═
2024-12-10 17:45:34,119 INFO     ___FILE_ONLY___ ═
2024-12-10 17:45:34,127 INFO     ___FILE_ONLY___ ═
2024-12-10 17:45:34,136 INFO     ___FILE_ONLY___ ═
2024-12-10 17:45:34,151 INFO     ___FILE_ONLY___ ═
2024-12-10 17:45:34,153 INFO     ___FILE_ONLY___ ═
2024-12-10 17:45:34,161 INFO     ___FILE_ONLY___ ═
2024-12-10 17:45:34,177 INFO     ___FILE_ONLY___ ═
2024-12-10 17:45:34,181 INFO     ___FILE_ONLY___ ═
2024-12-10 17:45:34,185 INFO     ___FILE_ONLY___ ═
2024-12-10 17:45:34,189 INFO     ___FILE_ONLY___ ═
2024-12-10 17:45:34,192 INFO     ___FILE_ONLY___ ═
2024-12-10 17:45:34,200 INFO     ___FILE_ONLY___ ═
2024-12-10 17:45:34,204 INFO     ___FILE_ONLY___ ═
2024-12-10 17:45:34,207 INFO     ___FILE_ONLY___ ═
2024-12-10 17:45:34,211 INFO     ___FILE_ONLY___ ═
2024-12-10 17:45:34,215 INFO     ___FILE_ONLY___ ═
2024-12-10 17:45:34,218 INFO     ___FILE_ONLY___ ═
2024-12-10 17:45:34,222 INFO     ___FILE_ONLY___ ═
2024-12-10 17:45:34,227 INFO     ___FILE_ONLY___ ═
2024-12-10 17:45:34,230 INFO     ___FILE_ONLY___ ═
2024-12-10 17:45:34,233 INFO     ___FILE_ONLY___ ═
2024-12-10 17:45:34,237 INFO     ___FILE_ONLY___ ═
2024-12-10 17:45:34,241 INFO     ___FILE_ONLY___ ═
2024-12-10 17:45:34,245 INFO     ___FILE_ONLY___ ═
2024-12-10 17:45:34,248 INFO     ___FILE_ONLY___ ═
2024-12-10 17:45:34,252 INFO     ___FILE_ONLY___ ═
2024-12-10 17:45:34,256 INFO     ___FILE_ONLY___ ═
2024-12-10 17:45:34,259 INFO     ___FILE_ONLY___ ═
2024-12-10 17:45:34,263 INFO     ___FILE_ONLY___ ═
2024-12-10 17:45:34,264 INFO     ___FILE_ONLY___ ╝

2024-12-10 17:45:34,278 INFO     ___FILE_ONLY___ ╔════════════════════════════════════════════════════════════╗

2024-12-10 17:45:34,279 INFO     ___FILE_ONLY___ ╠═ Installing: BigQuery Command Line Tool (Platform Spec... ═╣

2024-12-10 17:45:34,279 INFO     ___FILE_ONLY___ ╚
2024-12-10 17:45:34,280 INFO     ___FILE_ONLY___ ════════════════════════════════════════════════════════════
2024-12-10 17:45:34,280 INFO     ___FILE_ONLY___ ╝

2024-12-10 17:45:34,287 INFO     ___FILE_ONLY___ ╔════════════════════════════════════════════════════════════╗

2024-12-10 17:45:34,287 INFO     ___FILE_ONLY___ ╠═ Installing: Bundled Python 3.11                          ═╣

2024-12-10 17:45:34,288 INFO     ___FILE_ONLY___ ╚
2024-12-10 17:45:34,292 INFO     ___FILE_ONLY___ ════════════════════════════════════════════════════════════
2024-12-10 17:45:34,292 INFO     ___FILE_ONLY___ ╝

2024-12-10 17:45:34,294 INFO     ___FILE_ONLY___ ╔════════════════════════════════════════════════════════════╗

2024-12-10 17:45:34,294 INFO     ___FILE_ONLY___ ╠═ Installing: Bundled Python 3.11 (Platform Specific)      ═╣

2024-12-10 17:45:34,295 INFO     ___FILE_ONLY___ ╚
2024-12-10 17:45:36,369 INFO     ___FILE_ONLY___ ═
2024-12-10 17:45:36,397 INFO     ___FILE_ONLY___ ═
2024-12-10 17:45:36,432 INFO     ___FILE_ONLY___ ═
2024-12-10 17:45:36,461 INFO     ___FILE_ONLY___ ═
2024-12-10 17:45:36,492 INFO     ___FILE_ONLY___ ═
2024-12-10 17:45:36,519 INFO     ___FILE_ONLY___ ═
2024-12-10 17:45:36,545 INFO     ___FILE_ONLY___ ═
2024-12-10 17:45:36,570 INFO     ___FILE_ONLY___ ═
2024-12-10 17:45:36,596 INFO     ___FILE_ONLY___ ═
2024-12-10 17:45:36,621 INFO     ___FILE_ONLY___ ═
2024-12-10 17:45:36,646 INFO     ___FILE_ONLY___ ═
2024-12-10 17:45:36,671 INFO     ___FILE_ONLY___ ═
2024-12-10 17:45:36,698 INFO     ___FILE_ONLY___ ═
2024-12-10 17:45:36,723 INFO     ___FILE_ONLY___ ═
2024-12-10 17:45:36,749 INFO     ___FILE_ONLY___ ═
2024-12-10 17:45:36,783 INFO     ___FILE_ONLY___ ═
2024-12-10 17:45:36,816 INFO     ___FILE_ONLY___ ═
2024-12-10 17:45:36,842 INFO     ___FILE_ONLY___ ═
2024-12-10 17:45:36,871 INFO     ___FILE_ONLY___ ═
2024-12-10 17:45:36,897 INFO     ___FILE_ONLY___ ═
2024-12-10 17:45:36,923 INFO     ___FILE_ONLY___ ═
2024-12-10 17:45:36,949 INFO     ___FILE_ONLY___ ═
2024-12-10 17:45:36,974 INFO     ___FILE_ONLY___ ═
2024-12-10 17:45:37,005 INFO     ___FILE_ONLY___ ═
2024-12-10 17:45:37,038 INFO     ___FILE_ONLY___ ═
2024-12-10 17:45:37,074 INFO     ___FILE_ONLY___ ═
2024-12-10 17:45:37,109 INFO     ___FILE_ONLY___ ═
2024-12-10 17:45:37,138 INFO     ___FILE_ONLY___ ═
2024-12-10 17:45:37,165 INFO     ___FILE_ONLY___ ═
2024-12-10 17:45:37,194 INFO     ___FILE_ONLY___ ═
2024-12-10 17:45:37,220 INFO     ___FILE_ONLY___ ═
2024-12-10 17:45:37,245 INFO     ___FILE_ONLY___ ═
2024-12-10 17:45:37,270 INFO     ___FILE_ONLY___ ═
2024-12-10 17:45:37,295 INFO     ___FILE_ONLY___ ═
2024-12-10 17:45:37,320 INFO     ___FILE_ONLY___ ═
2024-12-10 17:45:37,346 INFO     ___FILE_ONLY___ ═
2024-12-10 17:45:38,314 INFO     ___FILE_ONLY___ ═
2024-12-10 17:45:38,355 INFO     ___FILE_ONLY___ ═
2024-12-10 17:45:38,394 INFO     ___FILE_ONLY___ ═
2024-12-10 17:45:38,429 INFO     ___FILE_ONLY___ ═
2024-12-10 17:45:38,465 INFO     ___FILE_ONLY___ ═
2024-12-10 17:45:38,640 INFO     ___FILE_ONLY___ ═
2024-12-10 17:45:38,683 INFO     ___FILE_ONLY___ ═
2024-12-10 17:45:38,716 INFO     ___FILE_ONLY___ ═
2024-12-10 17:45:38,746 INFO     ___FILE_ONLY___ ═
2024-12-10 17:45:38,778 INFO     ___FILE_ONLY___ ═
2024-12-10 17:45:38,824 INFO     ___FILE_ONLY___ ═
2024-12-10 17:45:38,860 INFO     ___FILE_ONLY___ ═
2024-12-10 17:45:38,891 INFO     ___FILE_ONLY___ ═
2024-12-10 17:45:38,919 INFO     ___FILE_ONLY___ ═
2024-12-10 17:45:39,040 INFO     ___FILE_ONLY___ ═
2024-12-10 17:45:39,074 INFO     ___FILE_ONLY___ ═
2024-12-10 17:45:39,108 INFO     ___FILE_ONLY___ ═
2024-12-10 17:45:39,141 INFO     ___FILE_ONLY___ ═
2024-12-10 17:45:39,206 INFO     ___FILE_ONLY___ ═
2024-12-10 17:45:39,675 INFO     ___FILE_ONLY___ ═
2024-12-10 17:45:39,708 INFO     ___FILE_ONLY___ ═
2024-12-10 17:45:39,744 INFO     ___FILE_ONLY___ ═
2024-12-10 17:45:39,776 INFO     ___FILE_ONLY___ ═
2024-12-10 17:45:40,249 INFO     ___FILE_ONLY___ ═
2024-12-10 17:45:40,249 INFO     ___FILE_ONLY___ ╝

2024-12-10 17:45:40,335 INFO     ___FILE_ONLY___ ╔════════════════════════════════════════════════════════════╗

2024-12-10 17:45:40,335 INFO     ___FILE_ONLY___ ╠═ Installing: Cloud Storage Command Line Tool              ═╣

2024-12-10 17:45:40,335 INFO     ___FILE_ONLY___ ╚
2024-12-10 17:45:40,944 INFO     ___FILE_ONLY___ ═
2024-12-10 17:45:40,971 INFO     ___FILE_ONLY___ ═
2024-12-10 17:45:41,004 INFO     ___FILE_ONLY___ ═
2024-12-10 17:45:41,031 INFO     ___FILE_ONLY___ ═
2024-12-10 17:45:41,057 INFO     ___FILE_ONLY___ ═
2024-12-10 17:45:41,080 INFO     ___FILE_ONLY___ ═
2024-12-10 17:45:41,105 INFO     ___FILE_ONLY___ ═
2024-12-10 17:45:41,129 INFO     ___FILE_ONLY___ ═
2024-12-10 17:45:41,155 INFO     ___FILE_ONLY___ ═
2024-12-10 17:45:41,179 INFO     ___FILE_ONLY___ ═
2024-12-10 17:45:41,203 INFO     ___FILE_ONLY___ ═
2024-12-10 17:45:41,225 INFO     ___FILE_ONLY___ ═
2024-12-10 17:45:41,244 INFO     ___FILE_ONLY___ ═
2024-12-10 17:45:41,263 INFO     ___FILE_ONLY___ ═
2024-12-10 17:45:41,283 INFO     ___FILE_ONLY___ ═
2024-12-10 17:45:41,302 INFO     ___FILE_ONLY___ ═
2024-12-10 17:45:41,323 INFO     ___FILE_ONLY___ ═
2024-12-10 17:45:41,343 INFO     ___FILE_ONLY___ ═
2024-12-10 17:45:41,364 INFO     ___FILE_ONLY___ ═
2024-12-10 17:45:41,385 INFO     ___FILE_ONLY___ ═
2024-12-10 17:45:41,407 INFO     ___FILE_ONLY___ ═
2024-12-10 17:45:41,432 INFO     ___FILE_ONLY___ ═
2024-12-10 17:45:41,457 INFO     ___FILE_ONLY___ ═
2024-12-10 17:45:41,476 INFO     ___FILE_ONLY___ ═
2024-12-10 17:45:41,498 INFO     ___FILE_ONLY___ ═
2024-12-10 17:45:41,525 INFO     ___FILE_ONLY___ ═
2024-12-10 17:45:41,553 INFO     ___FILE_ONLY___ ═
2024-12-10 17:45:41,583 INFO     ___FILE_ONLY___ ═
2024-12-10 17:45:41,612 INFO     ___FILE_ONLY___ ═
2024-12-10 17:45:41,646 INFO     ___FILE_ONLY___ ═
2024-12-10 17:45:41,666 INFO     ___FILE_ONLY___ ═
2024-12-10 17:45:41,688 INFO     ___FILE_ONLY___ ═
2024-12-10 17:45:41,718 INFO     ___FILE_ONLY___ ═
2024-12-10 17:45:41,741 INFO     ___FILE_ONLY___ ═
2024-12-10 17:45:41,762 INFO     ___FILE_ONLY___ ═
2024-12-10 17:45:41,782 INFO     ___FILE_ONLY___ ═
2024-12-10 17:45:41,801 INFO     ___FILE_ONLY___ ═
2024-12-10 17:45:41,823 INFO     ___FILE_ONLY___ ═
2024-12-10 17:45:41,844 INFO     ___FILE_ONLY___ ═
2024-12-10 17:45:41,866 INFO     ___FILE_ONLY___ ═
2024-12-10 17:45:41,885 INFO     ___FILE_ONLY___ ═
2024-12-10 17:45:41,910 INFO     ___FILE_ONLY___ ═
2024-12-10 17:45:41,929 INFO     ___FILE_ONLY___ ═
2024-12-10 17:45:41,953 INFO     ___FILE_ONLY___ ═
2024-12-10 17:45:41,980 INFO     ___FILE_ONLY___ ═
2024-12-10 17:45:42,002 INFO     ___FILE_ONLY___ ═
2024-12-10 17:45:42,021 INFO     ___FILE_ONLY___ ═
2024-12-10 17:45:42,043 INFO     ___FILE_ONLY___ ═
2024-12-10 17:45:42,064 INFO     ___FILE_ONLY___ ═
2024-12-10 17:45:42,088 INFO     ___FILE_ONLY___ ═
2024-12-10 17:45:42,119 INFO     ___FILE_ONLY___ ═
2024-12-10 17:45:42,142 INFO     ___FILE_ONLY___ ═
2024-12-10 17:45:42,170 INFO     ___FILE_ONLY___ ═
2024-12-10 17:45:42,192 INFO     ___FILE_ONLY___ ═
2024-12-10 17:45:42,250 INFO     ___FILE_ONLY___ ═
2024-12-10 17:45:42,269 INFO     ___FILE_ONLY___ ═
2024-12-10 17:45:42,288 INFO     ___FILE_ONLY___ ═
2024-12-10 17:45:42,309 INFO     ___FILE_ONLY___ ═
2024-12-10 17:45:42,332 INFO     ___FILE_ONLY___ ═
2024-12-10 17:45:42,359 INFO     ___FILE_ONLY___ ═
2024-12-10 17:45:42,359 INFO     ___FILE_ONLY___ ╝

2024-12-10 17:45:42,410 INFO     ___FILE_ONLY___ ╔════════════════════════════════════════════════════════════╗

2024-12-10 17:45:42,410 INFO     ___FILE_ONLY___ ╠═ Installing: Cloud Storage Command Line Tool (Platform... ═╣

2024-12-10 17:45:42,410 INFO     ___FILE_ONLY___ ╚
2024-12-10 17:45:42,411 INFO     ___FILE_ONLY___ ════════════════════════════════════════════════════════════
2024-12-10 17:45:42,412 INFO     ___FILE_ONLY___ ╝

2024-12-10 17:45:42,419 INFO     ___FILE_ONLY___ ╔════════════════════════════════════════════════════════════╗

2024-12-10 17:45:42,419 INFO     ___FILE_ONLY___ ╠═ Installing: Default set of gcloud commands               ═╣

2024-12-10 17:45:42,419 INFO     ___FILE_ONLY___ ╚
2024-12-10 17:45:42,424 INFO     ___FILE_ONLY___ ════════════════════════════════════════════════════════════
2024-12-10 17:45:42,424 INFO     ___FILE_ONLY___ ╝

2024-12-10 17:45:42,427 INFO     ___FILE_ONLY___ ╔════════════════════════════════════════════════════════════╗

2024-12-10 17:45:42,427 INFO     ___FILE_ONLY___ ╠═ Installing: Google Cloud CLI Core Libraries (Platform... ═╣

2024-12-10 17:45:42,427 INFO     ___FILE_ONLY___ ╚
2024-12-10 17:45:42,428 INFO     ___FILE_ONLY___ ══════════════════════════════
2024-12-10 17:45:42,429 INFO     ___FILE_ONLY___ ══════════════════════════════
2024-12-10 17:45:42,429 INFO     ___FILE_ONLY___ ╝

2024-12-10 17:45:42,436 INFO     ___FILE_ONLY___ ╔════════════════════════════════════════════════════════════╗

2024-12-10 17:45:42,437 INFO     ___FILE_ONLY___ ╠═ Installing: Google Cloud CRC32C Hash Tool                ═╣

2024-12-10 17:45:42,437 INFO     ___FILE_ONLY___ ╚
2024-12-10 17:45:42,442 INFO     ___FILE_ONLY___ ════════════════════════════════════════════════════════════
2024-12-10 17:45:42,442 INFO     ___FILE_ONLY___ ╝

2024-12-10 17:45:42,445 INFO     ___FILE_ONLY___ ╔════════════════════════════════════════════════════════════╗

2024-12-10 17:45:42,445 INFO     ___FILE_ONLY___ ╠═ Installing: Google Cloud CRC32C Hash Tool (Platform S... ═╣

2024-12-10 17:45:42,445 INFO     ___FILE_ONLY___ ╚
2024-12-10 17:45:42,485 INFO     ___FILE_ONLY___ ══════════════════════════════
2024-12-10 17:45:42,486 INFO     ___FILE_ONLY___ ══════════════════════════════
2024-12-10 17:45:42,486 INFO     ___FILE_ONLY___ ╝

2024-12-10 17:45:42,494 INFO     ___FILE_ONLY___ ╔════════════════════════════════════════════════════════════╗

2024-12-10 17:45:42,494 INFO     ___FILE_ONLY___ ╠═ Installing: gcloud cli dependencies (Platform Specific)  ═╣

2024-12-10 17:45:42,494 INFO     ___FILE_ONLY___ ╚
2024-12-10 17:45:42,495 INFO     ___FILE_ONLY___ ════════════════════════════════════════════════════════════
2024-12-10 17:45:42,495 INFO     ___FILE_ONLY___ ╝

2024-12-10 17:45:42,503 DEBUG    root            Updating notification cache...
2024-12-10 17:45:42,504 INFO     ___FILE_ONLY___ 

2024-12-10 17:45:42,507 INFO     ___FILE_ONLY___ Performing post processing steps...
2024-12-10 17:45:42,507 DEBUG    root            Executing command: ['/tools/google-cloud-sdk/bin/gcloud', 'components', 'post-process']
2024-12-10 17:45:59,554 DEBUG    ___FILE_ONLY___ 
2024-12-10 17:45:59,555 DEBUG    ___FILE_ONLY___ 
2024-12-10 17:45:59,808 INFO     ___FILE_ONLY___ 
Update done!


2024-12-10 17:45:59,813 DEBUG    root            Chosen display Format:none
2024-12-10 17:45:59,813 INFO     root            Display format: "none"
